Arguments: 
  /Users/bonomat/.fnm/node-versions/v12.18.0/installation/bin/node /usr/local/Cellar/yarn/1.22.10/libexec/bin/yarn.js build

PATH: 
  /var/folders/4m/h4325hf12w78fgztpz4ck_l00000gn/T/fnm_multishell_55757_1612849192744/bin:/Users/bonomat/.cargo/bin:/usr/local/bin:/usr/bin:/bin:/usr/sbin:/sbin:/Users/bonomat/bin

Yarn version: 
  1.22.10

Node version: 
  12.18.0

Platform: 
  darwin x64

Trace: 
  SyntaxError: /Users/bonomat/src/github/bonomat/website-to-browser-extension-communication/extension/src/content/package.json: Unexpected token } in JSON at position 133
      at JSON.parse (<anonymous>)
      at /usr/local/Cellar/yarn/1.22.10/libexec/lib/cli.js:1625:59
      at Generator.next (<anonymous>)
      at step (/usr/local/Cellar/yarn/1.22.10/libexec/lib/cli.js:310:30)
      at /usr/local/Cellar/yarn/1.22.10/libexec/lib/cli.js:321:13

npm manifest: 
  {
    "private": true,
    "name": "waves-wallet",
    "version": "0.0.1",
    "scripts": {
      "build": "rimraf dist && rollup --config",
    },
    "devDependencies": {
      "@wasm-tool/rollup-plugin-rust": "^1.0.0",
      "rimraf": "^2.6.3",
      "rollup": "^1.27.14",
      "rollup-plugin-copy": "^3.3.0",
      "web-ext": "5.4.0"
    }
  }

yarn manifest: 
  No manifest

Lockfile: 
  No lockfile
